<?xml version="1.0" encoding="UTF-8" standalone="no"?>
<testsuite errors="0" failures="0" name="io.cucumber.core.plugin.JUnitFormatter" skipped="0" tests="1" time="0.272">
    <testcase classname="Login featutre with hooks concept" name="Title of your scenario" time="0.104">
        <system-out><![CDATA[Given Hook- Browser is open.................................................passed
And Hook- User is in login page.............................................passed
When Hook- Enter username and password......................................passed
And Hook- User click on login button........................................passed
Then Hook- Verify user logged in successfully...............................passed
]]></system-out>
    </testcase>
</testsuite>
